<?xml version="1.0" encoding="UTF-8"?>
<testsuites name="spana" tests="3" failures="3" time="36.570" timestamp="2026-04-05T16:07:23.479Z">
  <testsuite name="ios" tests="3" failures="3" skipped="0" time="36.569">
    <testcase name="Framework app - home screen renders on every platform" classname="spana.ios" time="8.636">
      <failure message="Element not found within 5000ms">
ElementNotFoundError: Element not found within 5000ms
    at &lt;anonymous&gt; (/Users/anton/.superset/projects/prov/packages/spana/dist/test-command-WCHM3PPM.js:55:11)
      </failure>
      <system-out>attachment failed-screenshot (image/png): spana-output/Framework_app_-_home_screen_renders_on_every_platform-ios/screenshot.png
attachment failed-hierarchy (application/json): spana-output/Framework_app_-_home_screen_renders_on_every_platform-ios/hierarchy.json
step 3 expect.toBeVisible [failed] selector={&quot;testID&quot;:&quot;home-scroll&quot;}
step 3 expect.toBeVisible [failed] error=Element not found within 5000ms</system-out>
    </testcase>
    <testcase name="Framework app - capture screenshots for direct route jumps" classname="spana.ios" time="19.140">
      <failure message="Direct route screenshot flow failed:
- home: Element not found within 15000ms
- tabs-home: Open link failed: Error: WDA POST /session/46212277-A6C5-4D5A-A3A2-AB5FD735F9BF/url → 500: Error Domain=LSApplicationWorkspaceErrorDomain Code=115 &quot;(null)&quot; UserInfo={_LSFile=LSDOpenService.mm, _LSLine=282, _LSFunction=-[_LSDOpenClient openURL:fileHandle:options:completionHandler:]}
- tabs-explore: Open link failed: Error: WDA POST /session/46212277-A6C5-4D5A-A3A2-AB5FD735F9BF/url → 500: Error Domain=LSApplicationWorkspaceErrorDomain Code=115 &quot;(null)&quot; UserInfo={_LSFile=LSDOpenService.mm, _LSLine=282, _LSFunction=-[_LSDOpenClient openURL:fileHandle:options:completionHandler:]}
- modal: Open link failed: Error: WDA POST /session/46212277-A6C5-4D5A-A3A2-AB5FD735F9BF/url → 500: Error Domain=LSApplicationWorkspaceErrorDomain Code=115 &quot;(null)&quot; UserInfo={_LSFile=LSDOpenService.mm, _LSLine=282, _LSFunction=-[_LSDOpenClient openURL:fileHandle:options:completionHandler:]}">
Error
    at &lt;anonymous&gt; (/Users/anton/.superset/projects/prov/packages/spana/flows/framework-app/routes-screenshots.flow.ts:70:14)
    at async executeFlow (/Users/anton/.superset/projects/prov/packages/spana/dist/test-command-WCHM3PPM.js:403:19)
    at async &lt;anonymous&gt; (/Users/anton/.superset/projects/prov/packages/spana/dist/test-command-WCHM3PPM.js:443:30)
    at async orchestrate (/Users/anton/.superset/projects/prov/packages/spana/dist/test-command-WCHM3PPM.js:435:41)
    at async runTestCommand (/Users/anton/.superset/projects/prov/packages/spana/dist/test-command-WCHM3PPM.js:583:24)
    at processTicksAndRejections (unknown:7:39)
      </failure>
      <system-out>attachment failed-screenshot (image/png): spana-output/Framework_app_-_capture_screenshots_for_direct_route_jumps-ios/screenshot.png
attachment failed-hierarchy (application/json): spana-output/Framework_app_-_capture_screenshots_for_direct_route_jumps-ios/hierarchy.json
step 3 expect.toBeVisible [failed] selector={&quot;testID&quot;:&quot;home-title&quot;}
step 3 expect.toBeVisible [failed] error=Element not found within 15000ms
step 4 takeScreenshot(home-failure) [passed] attachment home-failure (image/png): spana-output/Framework_app_-_capture_screenshots_for_direct_route_jumps-ios/steps/004-home-failure.png
step 5 openLink [failed] selector={&quot;url&quot;:&quot;spana:///(drawer)/(tabs)&quot;}
step 5 openLink [failed] error=Open link failed: Error: WDA POST /session/46212277-A6C5-4D5A-A3A2-AB5FD735F9BF/url → 500: Error Domain=LSApplicationWorkspaceErrorDomain Code=115 &quot;(null)&quot; UserInfo={_LSFile=LSDOpenService.mm, _LSLine=282, _LSFunction=-[_LSDOpenClient openURL:fileHandle:options:completionHandler:]}
step 6 takeScreenshot(tabs-home-failure) [passed] attachment tabs-home-failure (image/png): spana-output/Framework_app_-_capture_screenshots_for_direct_route_jumps-ios/steps/006-tabs-home-failure.png
step 7 openLink [failed] selector={&quot;url&quot;:&quot;spana:///two&quot;}
step 7 openLink [failed] error=Open link failed: Error: WDA POST /session/46212277-A6C5-4D5A-A3A2-AB5FD735F9BF/url → 500: Error Domain=LSApplicationWorkspaceErrorDomain Code=115 &quot;(null)&quot; UserInfo={_LSFile=LSDOpenService.mm, _LSLine=282, _LSFunction=-[_LSDOpenClient openURL:fileHandle:options:completionHandler:]}
step 8 takeScreenshot(tabs-explore-failure) [passed] attachment tabs-explore-failure (image/png): spana-output/Framework_app_-_capture_screenshots_for_direct_route_jumps-ios/steps/008-tabs-explore-failure.png
step 9 openLink [failed] selector={&quot;url&quot;:&quot;spana:///modal&quot;}
step 9 openLink [failed] error=Open link failed: Error: WDA POST /session/46212277-A6C5-4D5A-A3A2-AB5FD735F9BF/url → 500: Error Domain=LSApplicationWorkspaceErrorDomain Code=115 &quot;(null)&quot; UserInfo={_LSFile=LSDOpenService.mm, _LSLine=282, _LSFunction=-[_LSDOpenClient openURL:fileHandle:options:completionHandler:]}
step 10 takeScreenshot(modal-failure) [passed] attachment modal-failure (image/png): spana-output/Framework_app_-_capture_screenshots_for_direct_route_jumps-ios/steps/010-modal-failure.png</system-out>
    </testcase>
    <testcase name="Framework app - navigate to tabs explore through the UI" classname="spana.ios" time="8.793">
      <failure message="Element not found within 5000ms">
ElementNotFoundError: Element not found within 5000ms
    at &lt;anonymous&gt; (/Users/anton/.superset/projects/prov/packages/spana/dist/test-command-WCHM3PPM.js:55:11)
      </failure>
      <system-out>attachment failed-screenshot (image/png): spana-output/Framework_app_-_navigate_to_tabs_explore_through_the_UI-ios/screenshot.png
attachment failed-hierarchy (application/json): spana-output/Framework_app_-_navigate_to_tabs_explore_through_the_UI-ios/hierarchy.json
step 1 stop [passed] attachment stop (image/png): spana-output/Framework_app_-_navigate_to_tabs_explore_through_the_UI-ios/steps/001-stop.png
step 2 launch [passed] attachment launch (image/png): spana-output/Framework_app_-_navigate_to_tabs_explore_through_the_UI-ios/steps/002-launch.png
step 3 tap [failed] selector={&quot;accessibilityLabel&quot;:&quot;Show navigation menu&quot;}
step 3 tap [failed] error=Element not found within 5000ms</system-out>
    </testcase>
  </testsuite>
</testsuites>